This is pdfTeX, Version 3.141592653-2.6-1.40.23 (TeX Live 2021/W32TeX) (preloaded format=pdflatex 2021.8.8)  22 AUG 2021 15:59
entering extended mode
 restricted \write18 enabled.
 %&-line parsing enabled.
**lolog_catelog_writeup_JRSSA_major_revisions_git.tex
(./lolog_catelog_writeup_JRSSA_major_revisions_git.tex
LaTeX2e <2021-06-01> patch level 1
L3 programming layer <2021-07-12> (./statsoc.cls
Document Class: statsoc 

(c:/Users/Duncan/AppData/Roaming/TinyTeX/texmf-dist/tex/latex/graphics/graphics
.sty
Package: graphics 2021/03/04 v1.4d Standard LaTeX Graphics (DPC,SPQR)

(c:/Users/Duncan/AppData/Roaming/TinyTeX/texmf-dist/tex/latex/graphics/trig.sty
Package: trig 2016/01/03 v1.10 sin cos tan (DPC)
)
(c:/Users/Duncan/AppData/Roaming/TinyTeX/texmf-dist/tex/latex/graphics-cfg/grap
hics.cfg
File: graphics.cfg 2016/06/04 v1.11 sample graphics configuration
)
Package graphics Info: Driver file: pdftex.def on input line 107.

(c:/Users/Duncan/AppData/Roaming/TinyTeX/texmf-dist/tex/latex/graphics-def/pdft
ex.def
File: pdftex.def 2020/10/05 v1.2a Graphics/color driver for pdftex
))
(c:/Users/Duncan/AppData/Roaming/TinyTeX/texmf-dist/tex/latex/base/latexsym.sty
Package: latexsym 1998/08/17 v2.2e Standard LaTeX package (lasy symbols)
\symlasy=\mathgroup4
LaTeX Font Info:    Overwriting symbol font `lasy' in version `bold'
(Font)                  U/lasy/m/n --> U/lasy/b/n on input line 52.
)
\c@@volumenumber=\count182
\c@@issuenumber=\count183
\c@@pages=\count184
\c@section=\count185
\c@subsection=\count186
\c@subsubsection=\count187
\c@paragraph=\count188
\c@proof=\count189
\c@figure=\count190
\c@table=\count191
\statsoc@width=\box50
\abovecaptionskip=\skip47
\belowcaptionskip=\skip48
(./natbib.sty
Package: natbib 1998/02/19 6.8 (PWD)
\bibhang=\skip49
\bibsep=\skip50
LaTeX Info: Redefining \cite on input line 451.
\c@NAT@ctr=\count192
)
\fnsymbolwidth=\skip51
) (c:/Users/Duncan/AppData/Roaming/TinyTeX/texmf-dist/tex/latex/lm/lmodern.sty
Package: lmodern 2015/05/01 v1.6.1 Latin Modern Fonts
LaTeX Font Info:    Overwriting symbol font `operators' in version `normal'
(Font)                  OT1/cmr/m/n --> OT1/lmr/m/n on input line 22.
LaTeX Font Info:    Overwriting symbol font `letters' in version `normal'
(Font)                  OML/cmm/m/it --> OML/lmm/m/it on input line 23.
LaTeX Font Info:    Overwriting symbol font `symbols' in version `normal'
(Font)                  OMS/cmsy/m/n --> OMS/lmsy/m/n on input line 24.
LaTeX Font Info:    Overwriting symbol font `largesymbols' in version `normal'
(Font)                  OMX/cmex/m/n --> OMX/lmex/m/n on input line 25.
LaTeX Font Info:    Overwriting symbol font `operators' in version `bold'
(Font)                  OT1/cmr/bx/n --> OT1/lmr/bx/n on input line 26.
LaTeX Font Info:    Overwriting symbol font `letters' in version `bold'
(Font)                  OML/cmm/b/it --> OML/lmm/b/it on input line 27.
LaTeX Font Info:    Overwriting symbol font `symbols' in version `bold'
(Font)                  OMS/cmsy/b/n --> OMS/lmsy/b/n on input line 28.
LaTeX Font Info:    Overwriting symbol font `largesymbols' in version `bold'
(Font)                  OMX/cmex/m/n --> OMX/lmex/m/n on input line 29.
LaTeX Font Info:    Overwriting math alphabet `\mathbf' in version `normal'
(Font)                  OT1/cmr/bx/n --> OT1/lmr/bx/n on input line 31.
LaTeX Font Info:    Overwriting math alphabet `\mathsf' in version `normal'
(Font)                  OT1/cmss/m/n --> OT1/lmss/m/n on input line 32.
LaTeX Font Info:    Overwriting math alphabet `\mathit' in version `normal'
(Font)                  OT1/cmr/m/it --> OT1/lmr/m/it on input line 33.
LaTeX Font Info:    Overwriting math alphabet `\mathtt' in version `normal'
(Font)                  OT1/cmtt/m/n --> OT1/lmtt/m/n on input line 34.
LaTeX Font Info:    Overwriting math alphabet `\mathbf' in version `bold'
(Font)                  OT1/cmr/bx/n --> OT1/lmr/bx/n on input line 35.
LaTeX Font Info:    Overwriting math alphabet `\mathsf' in version `bold'
(Font)                  OT1/cmss/bx/n --> OT1/lmss/bx/n on input line 36.
LaTeX Font Info:    Overwriting math alphabet `\mathit' in version `bold'
(Font)                  OT1/cmr/bx/it --> OT1/lmr/bx/it on input line 37.
LaTeX Font Info:    Overwriting math alphabet `\mathtt' in version `bold'
(Font)                  OT1/cmtt/m/n --> OT1/lmtt/m/n on input line 38.
)
(c:/Users/Duncan/AppData/Roaming/TinyTeX/texmf-dist/tex/latex/amsfonts/amssymb.
sty
Package: amssymb 2013/01/14 v3.01 AMS font symbols

(c:/Users/Duncan/AppData/Roaming/TinyTeX/texmf-dist/tex/latex/amsfonts/amsfonts
.sty
Package: amsfonts 2013/01/14 v3.01 Basic AMSFonts support
\@emptytoks=\toks16
\symAMSa=\mathgroup5
\symAMSb=\mathgroup6
LaTeX Font Info:    Redeclaring math symbol \hbar on input line 98.
LaTeX Font Info:    Overwriting math alphabet `\mathfrak' in version `bold'
(Font)                  U/euf/m/n --> U/euf/b/n on input line 106.
))
(c:/Users/Duncan/AppData/Roaming/TinyTeX/texmf-dist/tex/latex/amsmath/amsmath.s
ty
Package: amsmath 2021/04/20 v2.17j AMS math features
\@mathmargin=\skip52
For additional information on amsmath, use the `?' option.

(c:/Users/Duncan/AppData/Roaming/TinyTeX/texmf-dist/tex/latex/amsmath/amstext.s
ty
Package: amstext 2000/06/29 v2.01 AMS text

(c:/Users/Duncan/AppData/Roaming/TinyTeX/texmf-dist/tex/latex/amsmath/amsgen.st
y
File: amsgen.sty 1999/11/30 v2.0 generic functions
\@emptytoks=\toks17
\ex@=\dimen138
))
(c:/Users/Duncan/AppData/Roaming/TinyTeX/texmf-dist/tex/latex/amsmath/amsbsy.st
y
Package: amsbsy 1999/11/29 v1.2d Bold Symbols
\pmbraise@=\dimen139
)
(c:/Users/Duncan/AppData/Roaming/TinyTeX/texmf-dist/tex/latex/amsmath/amsopn.st
y
Package: amsopn 2016/03/08 v2.02 operator names
)
\inf@bad=\count193
LaTeX Info: Redefining \frac on input line 234.
\uproot@=\count194
\leftroot@=\count195
LaTeX Info: Redefining \overline on input line 399.
\classnum@=\count196
\DOTSCASE@=\count197
LaTeX Info: Redefining \ldots on input line 496.
LaTeX Info: Redefining \dots on input line 499.
LaTeX Info: Redefining \cdots on input line 620.
\Mathstrutbox@=\box51
\strutbox@=\box52
\big@size=\dimen140
LaTeX Font Info:    Redeclaring font encoding OML on input line 743.
LaTeX Font Info:    Redeclaring font encoding OMS on input line 744.
\macc@depth=\count198
\c@MaxMatrixCols=\count199
\dotsspace@=\muskip16
\c@parentequation=\count266
\dspbrk@lvl=\count267
\tag@help=\toks18
\row@=\count268
\column@=\count269
\maxfields@=\count270
\andhelp@=\toks19
\eqnshift@=\dimen141
\alignsep@=\dimen142
\tagshift@=\dimen143
\tagwidth@=\dimen144
\totwidth@=\dimen145
\lineht@=\dimen146
\@envbody=\toks20
\multlinegap=\skip53
\multlinetaggap=\skip54
\mathdisplay@stack=\toks21
LaTeX Info: Redefining \[ on input line 2923.
LaTeX Info: Redefining \] on input line 2924.
)
(c:/Users/Duncan/AppData/Roaming/TinyTeX/texmf-dist/tex/generic/iftex/ifxetex.s
ty
Package: ifxetex 2019/10/25 v0.7 ifxetex legacy package. Use iftex instead.

(c:/Users/Duncan/AppData/Roaming/TinyTeX/texmf-dist/tex/generic/iftex/iftex.sty
Package: iftex 2020/03/06 v1.0d TeX engine tests
))
(c:/Users/Duncan/AppData/Roaming/TinyTeX/texmf-dist/tex/generic/iftex/ifluatex.
sty
Package: ifluatex 2019/10/25 v1.5 ifluatex legacy package. Use iftex instead.
) (c:/Users/Duncan/AppData/Roaming/TinyTeX/texmf-dist/tex/latex/base/fontenc.st
y
Package: fontenc 2021/04/29 v2.0v Standard LaTeX package
LaTeX Font Info:    Trying to load font information for T1+lmr on input line 11
2.
(c:/Users/Duncan/AppData/Roaming/TinyTeX/texmf-dist/tex/latex/lm/t1lmr.fd
File: t1lmr.fd 2015/05/01 v1.6.1 Font defs for Latin Modern
))
(c:/Users/Duncan/AppData/Roaming/TinyTeX/texmf-dist/tex/latex/base/inputenc.sty
Package: inputenc 2021/02/14 v1.3d Input encoding file
\inpenc@prehook=\toks22
\inpenc@posthook=\toks23
)
(c:/Users/Duncan/AppData/Roaming/TinyTeX/texmf-dist/tex/latex/base/textcomp.sty
Package: textcomp 2020/02/02 v2.0n Standard LaTeX package
)
(c:/Users/Duncan/AppData/Roaming/TinyTeX/texmf-dist/tex/latex/xcolor/xcolor.sty
Package: xcolor 2016/05/11 v2.12 LaTeX color extensions (UK)

(c:/Users/Duncan/AppData/Roaming/TinyTeX/texmf-dist/tex/latex/graphics-cfg/colo
r.cfg
File: color.cfg 2016/01/02 v1.6 sample color configuration
)
Package xcolor Info: Driver file: pdftex.def on input line 225.
Package xcolor Info: Model `cmy' substituted by `cmy0' on input line 1348.
Package xcolor Info: Model `hsb' substituted by `rgb' on input line 1352.
Package xcolor Info: Model `RGB' extended on input line 1364.
Package xcolor Info: Model `HTML' substituted by `rgb' on input line 1366.
Package xcolor Info: Model `Hsb' substituted by `hsb' on input line 1367.
Package xcolor Info: Model `tHsb' substituted by `hsb' on input line 1368.
Package xcolor Info: Model `HSB' substituted by `hsb' on input line 1369.
Package xcolor Info: Model `Gray' substituted by `gray' on input line 1370.
Package xcolor Info: Model `wave' substituted by `hsb' on input line 1371.
)
(c:/Users/Duncan/AppData/Roaming/TinyTeX/texmf-dist/tex/latex/hyperref/hyperref
.sty
Package: hyperref 2021-06-07 v7.00m Hypertext links for LaTeX

(c:/Users/Duncan/AppData/Roaming/TinyTeX/texmf-dist/tex/generic/ltxcmds/ltxcmds
.sty
Package: ltxcmds 2020-05-10 v1.25 LaTeX kernel commands for general use (HO)
)
(c:/Users/Duncan/AppData/Roaming/TinyTeX/texmf-dist/tex/generic/pdftexcmds/pdft
excmds.sty
Package: pdftexcmds 2020-06-27 v0.33 Utility functions of pdfTeX for LuaTeX (HO
)

(c:/Users/Duncan/AppData/Roaming/TinyTeX/texmf-dist/tex/generic/infwarerr/infwa
rerr.sty
Package: infwarerr 2019/12/03 v1.5 Providing info/warning/error messages (HO)
)
Package pdftexcmds Info: \pdf@primitive is available.
Package pdftexcmds Info: \pdf@ifprimitive is available.
Package pdftexcmds Info: \pdfdraftmode found.
)
(c:/Users/Duncan/AppData/Roaming/TinyTeX/texmf-dist/tex/latex/graphics/keyval.s
ty
Package: keyval 2014/10/28 v1.15 key=value parser (DPC)
\KV@toks@=\toks24
)
(c:/Users/Duncan/AppData/Roaming/TinyTeX/texmf-dist/tex/generic/kvsetkeys/kvset
keys.sty
Package: kvsetkeys 2019/12/15 v1.18 Key value parser (HO)
)
(c:/Users/Duncan/AppData/Roaming/TinyTeX/texmf-dist/tex/generic/kvdefinekeys/kv
definekeys.sty
Package: kvdefinekeys 2019-12-19 v1.6 Define keys (HO)
)
(c:/Users/Duncan/AppData/Roaming/TinyTeX/texmf-dist/tex/generic/pdfescape/pdfes
cape.sty
Package: pdfescape 2019/12/09 v1.15 Implements pdfTeX's escape features (HO)
)
(c:/Users/Duncan/AppData/Roaming/TinyTeX/texmf-dist/tex/latex/hycolor/hycolor.s
ty
Package: hycolor 2020-01-27 v1.10 Color options for hyperref/bookmark (HO)
)
(c:/Users/Duncan/AppData/Roaming/TinyTeX/texmf-dist/tex/latex/letltxmacro/letlt
xmacro.sty
Package: letltxmacro 2019/12/03 v1.6 Let assignment for LaTeX macros (HO)
)
(c:/Users/Duncan/AppData/Roaming/TinyTeX/texmf-dist/tex/latex/auxhook/auxhook.s
ty
Package: auxhook 2019-12-17 v1.6 Hooks for auxiliary files (HO)
)
(c:/Users/Duncan/AppData/Roaming/TinyTeX/texmf-dist/tex/latex/kvoptions/kvoptio
ns.sty
Package: kvoptions 2020-10-07 v3.14 Key value format for package options (HO)
)
\@linkdim=\dimen147
\Hy@linkcounter=\count271
\Hy@pagecounter=\count272

(c:/Users/Duncan/AppData/Roaming/TinyTeX/texmf-dist/tex/latex/hyperref/pd1enc.d
ef
File: pd1enc.def 2021-06-07 v7.00m Hyperref: PDFDocEncoding definition (HO)
Now handling font encoding PD1 ...
... no UTF-8 mapping file for font encoding PD1
)
(c:/Users/Duncan/AppData/Roaming/TinyTeX/texmf-dist/tex/latex/hyperref/hyperref
-langpatches.def
File: hyperref-langpatches.def 2021-06-07 v7.00m Hyperref: patches for babel la
nguages
)
(c:/Users/Duncan/AppData/Roaming/TinyTeX/texmf-dist/tex/generic/intcalc/intcalc
.sty
Package: intcalc 2019/12/15 v1.3 Expandable calculations with integers (HO)
)
(c:/Users/Duncan/AppData/Roaming/TinyTeX/texmf-dist/tex/generic/etexcmds/etexcm
ds.sty
Package: etexcmds 2019/12/15 v1.7 Avoid name clashes with e-TeX commands (HO)
)
\Hy@SavedSpaceFactor=\count273

(c:/Users/Duncan/AppData/Roaming/TinyTeX/texmf-dist/tex/latex/hyperref/puenc.de
f
File: puenc.def 2021-06-07 v7.00m Hyperref: PDF Unicode definition (HO)
Now handling font encoding PU ...
... no UTF-8 mapping file for font encoding PU
)
Package hyperref Info: Option `unicode' set `true' on input line 4073.
Package hyperref Info: Hyper figures OFF on input line 4192.
Package hyperref Info: Link nesting OFF on input line 4197.
Package hyperref Info: Hyper index ON on input line 4200.
Package hyperref Info: Plain pages OFF on input line 4207.
Package hyperref Info: Backreferencing OFF on input line 4212.
Package hyperref Info: Implicit mode ON; LaTeX internals redefined.
Package hyperref Info: Bookmarks ON on input line 4445.
\c@Hy@tempcnt=\count274
(c:/Users/Duncan/AppData/Roaming/TinyTeX/texmf-dist/tex/latex/url/url.sty
\Urlmuskip=\muskip17
Package: url 2013/09/16  ver 3.4  Verb mode for urls, etc.
)
LaTeX Info: Redefining \url on input line 4804.
\XeTeXLinkMargin=\dimen148

(c:/Users/Duncan/AppData/Roaming/TinyTeX/texmf-dist/tex/generic/bitset/bitset.s
ty
Package: bitset 2019/12/09 v1.3 Handle bit-vector datatype (HO)

(c:/Users/Duncan/AppData/Roaming/TinyTeX/texmf-dist/tex/generic/bigintcalc/bigi
ntcalc.sty
Package: bigintcalc 2019/12/15 v1.5 Expandable calculations on big integers (HO
)
))
\Fld@menulength=\count275
\Field@Width=\dimen149
\Fld@charsize=\dimen150
Package hyperref Info: Hyper figures OFF on input line 6076.
Package hyperref Info: Link nesting OFF on input line 6081.
Package hyperref Info: Hyper index ON on input line 6084.
Package hyperref Info: backreferencing OFF on input line 6091.
Package hyperref Info: Link coloring OFF on input line 6096.
Package hyperref Info: Link coloring with OCG OFF on input line 6101.
Package hyperref Info: PDF/A mode OFF on input line 6106.
LaTeX Info: Redefining \ref on input line 6146.
LaTeX Info: Redefining \pageref on input line 6150.

(c:/Users/Duncan/AppData/Roaming/TinyTeX/texmf-dist/tex/latex/base/atbegshi-ltx
.sty
Package: atbegshi-ltx 2021/01/10 v1.0c Emulation of the original atbegshi
package with kernel methods
)
\Hy@abspage=\count276
\c@Item=\count277
\c@Hfootnote=\count278
)
Package hyperref Info: Driver (autodetected): hpdftex.

(c:/Users/Duncan/AppData/Roaming/TinyTeX/texmf-dist/tex/latex/hyperref/hpdftex.
def
File: hpdftex.def 2021-06-07 v7.00m Hyperref driver for pdfTeX

(c:/Users/Duncan/AppData/Roaming/TinyTeX/texmf-dist/tex/latex/base/atveryend-lt
x.sty
Package: atveryend-ltx 2020/08/19 v1.0a Emulation of the original atvery packag
e
with kernel methods
)
\Fld@listcount=\count279
\c@bookmark@seq@number=\count280

(c:/Users/Duncan/AppData/Roaming/TinyTeX/texmf-dist/tex/latex/rerunfilecheck/re
runfilecheck.sty
Package: rerunfilecheck 2019/12/05 v1.9 Rerun checks for auxiliary files (HO)

(c:/Users/Duncan/AppData/Roaming/TinyTeX/texmf-dist/tex/generic/uniquecounter/u
niquecounter.sty
Package: uniquecounter 2019/12/15 v1.4 Provide unlimited unique counter (HO)
)
Package uniquecounter Info: New unique counter `rerunfilecheck' on input line 2
86.
)
\Hy@SectionHShift=\skip55
)
(c:/Users/Duncan/AppData/Roaming/TinyTeX/texmf-dist/tex/latex/graphics/graphicx
.sty
Package: graphicx 2020/12/05 v1.2c Enhanced LaTeX Graphics (DPC,SPQR)
\Gin@req@height=\dimen151
\Gin@req@width=\dimen152
)
(c:/Users/Duncan/AppData/Roaming/TinyTeX/texmf-dist/tex/latex/grffile/grffile.s
ty
Package: grffile 2019/11/11 v2.1 Extended file name support for graphics (legac
y)
Package grffile Info: This package is an empty stub for compatibility on input 
line 40.
)
(c:/Users/Duncan/AppData/Roaming/TinyTeX/texmf-dist/tex/latex/jknapltx/mathrsfs
.sty
Package: mathrsfs 1996/01/01 Math RSFS package v1.0 (jk)
\symrsfs=\mathgroup7
) (c:/Users/Duncan/AppData/Roaming/TinyTeX/texmf-dist/tex/latex/float/float.sty
Package: float 2001/11/08 v1.3d Float enhancements (AL)
\c@float@type=\count281
\float@exts=\toks25
\float@box=\box53
\@float@everytoks=\toks26
\@floatcapt=\box54
)
(c:/Users/Duncan/AppData/Roaming/TinyTeX/texmf-dist/tex/latex/epstopdf-pkg/epst
opdf.sty
Package: epstopdf 2020-01-24 v2.11 Conversion with epstopdf on the fly (HO)

(c:/Users/Duncan/AppData/Roaming/TinyTeX/texmf-dist/tex/latex/grfext/grfext.sty
Package: grfext 2019/12/03 v1.3 Manage graphics extensions (HO)
)
(c:/Users/Duncan/AppData/Roaming/TinyTeX/texmf-dist/tex/latex/epstopdf-pkg/epst
opdf-base.sty
Package: epstopdf-base 2020-01-24 v2.11 Base part for package epstopdf
Package epstopdf-base Info: Redefining graphics rule for `.eps' on input line 4
85.
Package grfext Info: Graphics extension search list:
(grfext)             [.pdf,.png,.jpg,.mps,.jpeg,.jbig2,.jb2,.PDF,.PNG,.JPG,.JPE
G,.JBIG2,.JB2,.eps]
(grfext)             \AppendGraphicsExtensions on input line 504.

(c:/Users/Duncan/AppData/Roaming/TinyTeX/texmf-dist/tex/latex/latexconfig/epsto
pdf-sys.cfg
File: epstopdf-sys.cfg 2010/07/13 v1.3 Configuration of (r)epstopdf for TeX Liv
e
)))
(c:/Users/Duncan/AppData/Roaming/TinyTeX/texmf-dist/tex/latex/booktabs/booktabs
.sty
Package: booktabs 2020/01/12 v1.61803398 Publication quality tables
\heavyrulewidth=\dimen153
\lightrulewidth=\dimen154
\cmidrulewidth=\dimen155
\belowrulesep=\dimen156
\belowbottomsep=\dimen157
\aboverulesep=\dimen158
\abovetopsep=\dimen159
\cmidrulesep=\dimen160
\cmidrulekern=\dimen161
\defaultaddspace=\dimen162
\@cmidla=\count282
\@cmidlb=\count283
\@aboverulesep=\dimen163
\@belowrulesep=\dimen164
\@thisruleclass=\count284
\@lastruleclass=\count285
\@thisrulewidth=\dimen165
)
(c:/Users/Duncan/AppData/Roaming/TinyTeX/texmf-dist/tex/latex/tools/longtable.s
ty
Package: longtable 2021-05-07 v4.16 Multi-page Table package (DPC)
\LTleft=\skip56
\LTright=\skip57
\LTpre=\skip58
\LTpost=\skip59
\LTchunksize=\count286
\LTcapwidth=\dimen166
\LT@head=\box55
\LT@firsthead=\box56
\LT@foot=\box57
\LT@lastfoot=\box58
\LT@gbox=\box59
\LT@cols=\count287
\LT@rows=\count288
\c@LT@tables=\count289
\c@LT@chunks=\count290
\LT@p@ftn=\toks27
)
(c:/Users/Duncan/AppData/Roaming/TinyTeX/texmf-dist/tex/latex/appendix/appendix
.sty
Package: appendix 2020/02/08 v1.2c extra appendix facilities
\c@@pps=\count291
\c@@ppsavesec=\count292
\c@@ppsaveapp=\count293
)
(c:/Users/Duncan/AppData/Roaming/TinyTeX/texmf-dist/tex/latex/geometry/geometry
.sty
Package: geometry 2020/01/02 v5.9 Page Geometry

(c:/Users/Duncan/AppData/Roaming/TinyTeX/texmf-dist/tex/generic/iftex/ifvtex.st
y
Package: ifvtex 2019/10/25 v1.7 ifvtex legacy package. Use iftex instead.
)
\Gm@cnth=\count294
\Gm@cntv=\count295
\c@Gm@tempcnt=\count296
\Gm@bindingoffset=\dimen167
\Gm@wd@mp=\dimen168
\Gm@odd@mp=\dimen169
\Gm@even@mp=\dimen170
\Gm@layoutwidth=\dimen171
\Gm@layoutheight=\dimen172
\Gm@layouthoffset=\dimen173
\Gm@layoutvoffset=\dimen174
\Gm@dimlist=\toks28
)
(c:/Users/Duncan/AppData/Roaming/TinyTeX/texmf-dist/tex/latex/todonotes/todonot
es.sty
Package: todonotes 2021/06/04 v1.1.5 Todonotes source and documentation.
Package: todonotes 2021/06/04
(c:/Users/Duncan/AppData/Roaming/TinyTeX/texmf-dist/tex/latex/base/ifthen.sty
Package: ifthen 2020/11/24 v1.1c Standard LaTeX ifthen package (DPC)
)
(c:/Users/Duncan/AppData/Roaming/TinyTeX/texmf-dist/tex/latex/xkeyval/xkeyval.s
ty
Package: xkeyval 2020/11/20 v2.8 package option processing (HA)

(c:/Users/Duncan/AppData/Roaming/TinyTeX/texmf-dist/tex/generic/xkeyval/xkeyval
.tex
(c:/Users/Duncan/AppData/Roaming/TinyTeX/texmf-dist/tex/generic/xkeyval/xkvutil
s.tex
\XKV@toks=\toks29
\XKV@tempa@toks=\toks30
)
\XKV@depth=\count297
File: xkeyval.tex 2014/12/03 v2.7a key=value parser (HA)
))
(c:/Users/Duncan/AppData/Roaming/TinyTeX/texmf-dist/tex/latex/pgf/frontendlayer
/tikz.sty
(c:/Users/Duncan/AppData/Roaming/TinyTeX/texmf-dist/tex/latex/pgf/basiclayer/pg
f.sty
(c:/Users/Duncan/AppData/Roaming/TinyTeX/texmf-dist/tex/latex/pgf/utilities/pgf
rcs.sty
(c:/Users/Duncan/AppData/Roaming/TinyTeX/texmf-dist/tex/generic/pgf/utilities/p
gfutil-common.tex
\pgfutil@everybye=\toks31
\pgfutil@tempdima=\dimen175
\pgfutil@tempdimb=\dimen176

(c:/Users/Duncan/AppData/Roaming/TinyTeX/texmf-dist/tex/generic/pgf/utilities/p
gfutil-common-lists.tex))
(c:/Users/Duncan/AppData/Roaming/TinyTeX/texmf-dist/tex/generic/pgf/utilities/p
gfutil-latex.def
\pgfutil@abb=\box60
)
(c:/Users/Duncan/AppData/Roaming/TinyTeX/texmf-dist/tex/generic/pgf/utilities/p
gfrcs.code.tex
(c:/Users/Duncan/AppData/Roaming/TinyTeX/texmf-dist/tex/generic/pgf/pgf.revisio
n.tex)
Package: pgfrcs 2021/05/15 v3.1.9a (3.1.9a)
))
Package: pgf 2021/05/15 v3.1.9a (3.1.9a)

(c:/Users/Duncan/AppData/Roaming/TinyTeX/texmf-dist/tex/latex/pgf/basiclayer/pg
fcore.sty
(c:/Users/Duncan/AppData/Roaming/TinyTeX/texmf-dist/tex/latex/pgf/systemlayer/p
gfsys.sty
(c:/Users/Duncan/AppData/Roaming/TinyTeX/texmf-dist/tex/generic/pgf/systemlayer
/pgfsys.code.tex
Package: pgfsys 2021/05/15 v3.1.9a (3.1.9a)

(c:/Users/Duncan/AppData/Roaming/TinyTeX/texmf-dist/tex/generic/pgf/utilities/p
gfkeys.code.tex
\pgfkeys@pathtoks=\toks32
\pgfkeys@temptoks=\toks33

(c:/Users/Duncan/AppData/Roaming/TinyTeX/texmf-dist/tex/generic/pgf/utilities/p
gfkeysfiltered.code.tex
\pgfkeys@tmptoks=\toks34
))
\pgf@x=\dimen177
\pgf@y=\dimen178
\pgf@xa=\dimen179
\pgf@ya=\dimen180
\pgf@xb=\dimen181
\pgf@yb=\dimen182
\pgf@xc=\dimen183
\pgf@yc=\dimen184
\pgf@xd=\dimen185
\pgf@yd=\dimen186
\w@pgf@writea=\write3
\r@pgf@reada=\read2
\c@pgf@counta=\count298
\c@pgf@countb=\count299
\c@pgf@countc=\count300
\c@pgf@countd=\count301
\t@pgf@toka=\toks35
\t@pgf@tokb=\toks36
\t@pgf@tokc=\toks37
\pgf@sys@id@count=\count302

(c:/Users/Duncan/AppData/Roaming/TinyTeX/texmf-dist/tex/generic/pgf/systemlayer
/pgf.cfg
File: pgf.cfg 2021/05/15 v3.1.9a (3.1.9a)
)
Driver file for pgf: pgfsys-pdftex.def

(c:/Users/Duncan/AppData/Roaming/TinyTeX/texmf-dist/tex/generic/pgf/systemlayer
/pgfsys-pdftex.def
File: pgfsys-pdftex.def 2021/05/15 v3.1.9a (3.1.9a)

(c:/Users/Duncan/AppData/Roaming/TinyTeX/texmf-dist/tex/generic/pgf/systemlayer
/pgfsys-common-pdf.def
File: pgfsys-common-pdf.def 2021/05/15 v3.1.9a (3.1.9a)
)))
(c:/Users/Duncan/AppData/Roaming/TinyTeX/texmf-dist/tex/generic/pgf/systemlayer
/pgfsyssoftpath.code.tex
File: pgfsyssoftpath.code.tex 2021/05/15 v3.1.9a (3.1.9a)
\pgfsyssoftpath@smallbuffer@items=\count303
\pgfsyssoftpath@bigbuffer@items=\count304
)
(c:/Users/Duncan/AppData/Roaming/TinyTeX/texmf-dist/tex/generic/pgf/systemlayer
/pgfsysprotocol.code.tex
File: pgfsysprotocol.code.tex 2021/05/15 v3.1.9a (3.1.9a)
))
(c:/Users/Duncan/AppData/Roaming/TinyTeX/texmf-dist/tex/generic/pgf/basiclayer/
pgfcore.code.tex
Package: pgfcore 2021/05/15 v3.1.9a (3.1.9a)

(c:/Users/Duncan/AppData/Roaming/TinyTeX/texmf-dist/tex/generic/pgf/math/pgfmat
h.code.tex
(c:/Users/Duncan/AppData/Roaming/TinyTeX/texmf-dist/tex/generic/pgf/math/pgfmat
hcalc.code.tex
(c:/Users/Duncan/AppData/Roaming/TinyTeX/texmf-dist/tex/generic/pgf/math/pgfmat
hutil.code.tex)
(c:/Users/Duncan/AppData/Roaming/TinyTeX/texmf-dist/tex/generic/pgf/math/pgfmat
hparser.code.tex
\pgfmath@dimen=\dimen187
\pgfmath@count=\count305
\pgfmath@box=\box61
\pgfmath@toks=\toks38
\pgfmath@stack@operand=\toks39
\pgfmath@stack@operation=\toks40
)
(c:/Users/Duncan/AppData/Roaming/TinyTeX/texmf-dist/tex/generic/pgf/math/pgfmat
hfunctions.code.tex
(c:/Users/Duncan/AppData/Roaming/TinyTeX/texmf-dist/tex/generic/pgf/math/pgfmat
hfunctions.basic.code.tex)
(c:/Users/Duncan/AppData/Roaming/TinyTeX/texmf-dist/tex/generic/pgf/math/pgfmat
hfunctions.trigonometric.code.tex)
(c:/Users/Duncan/AppData/Roaming/TinyTeX/texmf-dist/tex/generic/pgf/math/pgfmat
hfunctions.random.code.tex)
(c:/Users/Duncan/AppData/Roaming/TinyTeX/texmf-dist/tex/generic/pgf/math/pgfmat
hfunctions.comparison.code.tex)
(c:/Users/Duncan/AppData/Roaming/TinyTeX/texmf-dist/tex/generic/pgf/math/pgfmat
hfunctions.base.code.tex)
(c:/Users/Duncan/AppData/Roaming/TinyTeX/texmf-dist/tex/generic/pgf/math/pgfmat
hfunctions.round.code.tex)
(c:/Users/Duncan/AppData/Roaming/TinyTeX/texmf-dist/tex/generic/pgf/math/pgfmat
hfunctions.misc.code.tex)
(c:/Users/Duncan/AppData/Roaming/TinyTeX/texmf-dist/tex/generic/pgf/math/pgfmat
hfunctions.integerarithmetics.code.tex)))
(c:/Users/Duncan/AppData/Roaming/TinyTeX/texmf-dist/tex/generic/pgf/math/pgfmat
hfloat.code.tex
\c@pgfmathroundto@lastzeros=\count306
))
(c:/Users/Duncan/AppData/Roaming/TinyTeX/texmf-dist/tex/generic/pgf/math/pgfint
.code.tex)
(c:/Users/Duncan/AppData/Roaming/TinyTeX/texmf-dist/tex/generic/pgf/basiclayer/
pgfcorepoints.code.tex
File: pgfcorepoints.code.tex 2021/05/15 v3.1.9a (3.1.9a)
\pgf@picminx=\dimen188
\pgf@picmaxx=\dimen189
\pgf@picminy=\dimen190
\pgf@picmaxy=\dimen191
\pgf@pathminx=\dimen192
\pgf@pathmaxx=\dimen193
\pgf@pathminy=\dimen194
\pgf@pathmaxy=\dimen195
\pgf@xx=\dimen196
\pgf@xy=\dimen197
\pgf@yx=\dimen198
\pgf@yy=\dimen199
\pgf@zx=\dimen256
\pgf@zy=\dimen257
)
(c:/Users/Duncan/AppData/Roaming/TinyTeX/texmf-dist/tex/generic/pgf/basiclayer/
pgfcorepathconstruct.code.tex
File: pgfcorepathconstruct.code.tex 2021/05/15 v3.1.9a (3.1.9a)
\pgf@path@lastx=\dimen258
\pgf@path@lasty=\dimen259
)
(c:/Users/Duncan/AppData/Roaming/TinyTeX/texmf-dist/tex/generic/pgf/basiclayer/
pgfcorepathusage.code.tex
File: pgfcorepathusage.code.tex 2021/05/15 v3.1.9a (3.1.9a)
\pgf@shorten@end@additional=\dimen260
\pgf@shorten@start@additional=\dimen261
)
(c:/Users/Duncan/AppData/Roaming/TinyTeX/texmf-dist/tex/generic/pgf/basiclayer/
pgfcorescopes.code.tex
File: pgfcorescopes.code.tex 2021/05/15 v3.1.9a (3.1.9a)
\pgfpic=\box62
\pgf@hbox=\box63
\pgf@layerbox@main=\box64
\pgf@picture@serial@count=\count307
)
(c:/Users/Duncan/AppData/Roaming/TinyTeX/texmf-dist/tex/generic/pgf/basiclayer/
pgfcoregraphicstate.code.tex
File: pgfcoregraphicstate.code.tex 2021/05/15 v3.1.9a (3.1.9a)
\pgflinewidth=\dimen262
)
(c:/Users/Duncan/AppData/Roaming/TinyTeX/texmf-dist/tex/generic/pgf/basiclayer/
pgfcoretransformations.code.tex
File: pgfcoretransformations.code.tex 2021/05/15 v3.1.9a (3.1.9a)
\pgf@pt@x=\dimen263
\pgf@pt@y=\dimen264
\pgf@pt@temp=\dimen265
)
(c:/Users/Duncan/AppData/Roaming/TinyTeX/texmf-dist/tex/generic/pgf/basiclayer/
pgfcorequick.code.tex
File: pgfcorequick.code.tex 2021/05/15 v3.1.9a (3.1.9a)
)
(c:/Users/Duncan/AppData/Roaming/TinyTeX/texmf-dist/tex/generic/pgf/basiclayer/
pgfcoreobjects.code.tex
File: pgfcoreobjects.code.tex 2021/05/15 v3.1.9a (3.1.9a)
)
(c:/Users/Duncan/AppData/Roaming/TinyTeX/texmf-dist/tex/generic/pgf/basiclayer/
pgfcorepathprocessing.code.tex
File: pgfcorepathprocessing.code.tex 2021/05/15 v3.1.9a (3.1.9a)
)
(c:/Users/Duncan/AppData/Roaming/TinyTeX/texmf-dist/tex/generic/pgf/basiclayer/
pgfcorearrows.code.tex
File: pgfcorearrows.code.tex 2021/05/15 v3.1.9a (3.1.9a)
\pgfarrowsep=\dimen266
)
(c:/Users/Duncan/AppData/Roaming/TinyTeX/texmf-dist/tex/generic/pgf/basiclayer/
pgfcoreshade.code.tex
File: pgfcoreshade.code.tex 2021/05/15 v3.1.9a (3.1.9a)
\pgf@max=\dimen267
\pgf@sys@shading@range@num=\count308
\pgf@shadingcount=\count309
)
(c:/Users/Duncan/AppData/Roaming/TinyTeX/texmf-dist/tex/generic/pgf/basiclayer/
pgfcoreimage.code.tex
File: pgfcoreimage.code.tex 2021/05/15 v3.1.9a (3.1.9a)

(c:/Users/Duncan/AppData/Roaming/TinyTeX/texmf-dist/tex/generic/pgf/basiclayer/
pgfcoreexternal.code.tex
File: pgfcoreexternal.code.tex 2021/05/15 v3.1.9a (3.1.9a)
\pgfexternal@startupbox=\box65
))
(c:/Users/Duncan/AppData/Roaming/TinyTeX/texmf-dist/tex/generic/pgf/basiclayer/
pgfcorelayers.code.tex
File: pgfcorelayers.code.tex 2021/05/15 v3.1.9a (3.1.9a)
)
(c:/Users/Duncan/AppData/Roaming/TinyTeX/texmf-dist/tex/generic/pgf/basiclayer/
pgfcoretransparency.code.tex
File: pgfcoretransparency.code.tex 2021/05/15 v3.1.9a (3.1.9a)
)
(c:/Users/Duncan/AppData/Roaming/TinyTeX/texmf-dist/tex/generic/pgf/basiclayer/
pgfcorepatterns.code.tex
File: pgfcorepatterns.code.tex 2021/05/15 v3.1.9a (3.1.9a)
)
(c:/Users/Duncan/AppData/Roaming/TinyTeX/texmf-dist/tex/generic/pgf/basiclayer/
pgfcorerdf.code.tex
File: pgfcorerdf.code.tex 2021/05/15 v3.1.9a (3.1.9a)
)))
(c:/Users/Duncan/AppData/Roaming/TinyTeX/texmf-dist/tex/generic/pgf/modules/pgf
moduleshapes.code.tex
File: pgfmoduleshapes.code.tex 2021/05/15 v3.1.9a (3.1.9a)
\pgfnodeparttextbox=\box66
)
(c:/Users/Duncan/AppData/Roaming/TinyTeX/texmf-dist/tex/generic/pgf/modules/pgf
moduleplot.code.tex
File: pgfmoduleplot.code.tex 2021/05/15 v3.1.9a (3.1.9a)
)
(c:/Users/Duncan/AppData/Roaming/TinyTeX/texmf-dist/tex/latex/pgf/compatibility
/pgfcomp-version-0-65.sty
Package: pgfcomp-version-0-65 2021/05/15 v3.1.9a (3.1.9a)
\pgf@nodesepstart=\dimen268
\pgf@nodesepend=\dimen269
)
(c:/Users/Duncan/AppData/Roaming/TinyTeX/texmf-dist/tex/latex/pgf/compatibility
/pgfcomp-version-1-18.sty
Package: pgfcomp-version-1-18 2021/05/15 v3.1.9a (3.1.9a)
))
(c:/Users/Duncan/AppData/Roaming/TinyTeX/texmf-dist/tex/latex/pgf/utilities/pgf
for.sty
(c:/Users/Duncan/AppData/Roaming/TinyTeX/texmf-dist/tex/latex/pgf/utilities/pgf
keys.sty
(c:/Users/Duncan/AppData/Roaming/TinyTeX/texmf-dist/tex/generic/pgf/utilities/p
gfkeys.code.tex))
(c:/Users/Duncan/AppData/Roaming/TinyTeX/texmf-dist/tex/latex/pgf/math/pgfmath.
sty
(c:/Users/Duncan/AppData/Roaming/TinyTeX/texmf-dist/tex/generic/pgf/math/pgfmat
h.code.tex))
(c:/Users/Duncan/AppData/Roaming/TinyTeX/texmf-dist/tex/generic/pgf/utilities/p
gffor.code.tex
Package: pgffor 2021/05/15 v3.1.9a (3.1.9a)

(c:/Users/Duncan/AppData/Roaming/TinyTeX/texmf-dist/tex/generic/pgf/math/pgfmat
h.code.tex)
\pgffor@iter=\dimen270
\pgffor@skip=\dimen271
\pgffor@stack=\toks41
\pgffor@toks=\toks42
))
(c:/Users/Duncan/AppData/Roaming/TinyTeX/texmf-dist/tex/generic/pgf/frontendlay
er/tikz/tikz.code.tex
Package: tikz 2021/05/15 v3.1.9a (3.1.9a)

(c:/Users/Duncan/AppData/Roaming/TinyTeX/texmf-dist/tex/generic/pgf/libraries/p
gflibraryplothandlers.code.tex
File: pgflibraryplothandlers.code.tex 2021/05/15 v3.1.9a (3.1.9a)
\pgf@plot@mark@count=\count310
\pgfplotmarksize=\dimen272
)
\tikz@lastx=\dimen273
\tikz@lasty=\dimen274
\tikz@lastxsaved=\dimen275
\tikz@lastysaved=\dimen276
\tikz@lastmovetox=\dimen277
\tikz@lastmovetoy=\dimen278
\tikzleveldistance=\dimen279
\tikzsiblingdistance=\dimen280
\tikz@figbox=\box67
\tikz@figbox@bg=\box68
\tikz@tempbox=\box69
\tikz@tempbox@bg=\box70
\tikztreelevel=\count311
\tikznumberofchildren=\count312
\tikznumberofcurrentchild=\count313
\tikz@fig@count=\count314

(c:/Users/Duncan/AppData/Roaming/TinyTeX/texmf-dist/tex/generic/pgf/modules/pgf
modulematrix.code.tex
File: pgfmodulematrix.code.tex 2021/05/15 v3.1.9a (3.1.9a)
\pgfmatrixcurrentrow=\count315
\pgfmatrixcurrentcolumn=\count316
\pgf@matrix@numberofcolumns=\count317
)
\tikz@expandcount=\count318

(c:/Users/Duncan/AppData/Roaming/TinyTeX/texmf-dist/tex/generic/pgf/frontendlay
er/tikz/libraries/tikzlibrarytopaths.code.tex
File: tikzlibrarytopaths.code.tex 2021/05/15 v3.1.9a (3.1.9a)
)))
(c:/Users/Duncan/AppData/Roaming/TinyTeX/texmf-dist/tex/generic/pgf/frontendlay
er/tikz/libraries/tikzlibrarypositioning.code.tex
File: tikzlibrarypositioning.code.tex 2021/05/15 v3.1.9a (3.1.9a)
) (c:/Users/Duncan/AppData/Roaming/TinyTeX/texmf-dist/tex/latex/tools/calc.sty
Package: calc 2017/05/25 v4.3 Infix arithmetic (KKT,FJ)
\calc@Acount=\count319
\calc@Bcount=\count320
\calc@Adimen=\dimen281
\calc@Bdimen=\dimen282
\calc@Askip=\skip60
\calc@Bskip=\skip61
LaTeX Info: Redefining \setlength on input line 80.
LaTeX Info: Redefining \addtolength on input line 81.
\calc@Ccount=\count321
\calc@Cskip=\skip62
)
\c@@todonotes@numberoftodonotes=\count322
)
(c:/Users/Duncan/AppData/Roaming/TinyTeX/texmf-dist/tex/latex/doublestroke/dsfo
nt.sty
Package: dsfont 1995/08/01 v0.1 Double stroke roman fonts
)
(c:/Users/Duncan/AppData/Roaming/TinyTeX/texmf-dist/tex/latex/colortbl/colortbl
.sty
Package: colortbl 2020/01/04 v1.0e Color table columns (DPC)
(c:/Users/Duncan/AppData/Roaming/TinyTeX/texmf-dist/tex/latex/tools/array.sty
Package: array 2021/04/20 v2.5e Tabular extension package (FMi)
\col@sep=\dimen283
\ar@mcellbox=\box71
\extrarowheight=\dimen284
\NC@list=\toks43
\extratabsurround=\skip63
\backup@length=\skip64
\ar@cellbox=\box72
)
\everycr=\toks44
\minrowclearance=\skip65
)
(c:/Users/Duncan/AppData/Roaming/TinyTeX/texmf-dist/tex/latex/multirow/multirow
.sty
Package: multirow 2021/03/15 v2.8 Span multiple rows of a table
\multirow@colwidth=\skip66
\multirow@cntb=\count323
\multirow@dima=\skip67
\bigstrutjot=\dimen285
)
(c:/Users/Duncan/AppData/Roaming/TinyTeX/texmf-dist/tex/latex/wrapfig/wrapfig.s
ty
\wrapoverhang=\dimen286
\WF@size=\dimen287
\c@WF@wrappedlines=\count324
\WF@box=\box73
\WF@everypar=\toks45
Package: wrapfig 2003/01/31  v 3.6
)
(c:/Users/Duncan/AppData/Roaming/TinyTeX/texmf-dist/tex/latex/pdflscape/pdflsca
pe.sty
Package: pdflscape 2019/12/05 v0.12 Display of landscape pages in PDF (HO)

(c:/Users/Duncan/AppData/Roaming/TinyTeX/texmf-dist/tex/latex/graphics/lscape.s
ty
Package: lscape 2020/05/28 v3.02 Landscape Pages (DPC)
)
Package pdflscape Info: Auto-detected driver: pdftex on input line 81.
) (c:/Users/Duncan/AppData/Roaming/TinyTeX/texmf-dist/tex/latex/tabu/tabu.sty
Package: tabu 2019/01/11 v2.9 - flexible LaTeX tabulars (FC+tabu-fixed)

(c:/Users/Duncan/AppData/Roaming/TinyTeX/texmf-dist/tex/latex/varwidth/varwidth
.sty
Package: varwidth 2009/03/30 ver 0.92;  Variable-width minipages
\@vwid@box=\box74
\sift@deathcycles=\count325
\@vwid@loff=\dimen288
\@vwid@roff=\dimen289
)
\c@taburow=\count326
\tabu@nbcols=\count327
\tabu@cnt=\count328
\tabu@Xcol=\count329
\tabu@alloc=\count330
\tabu@nested=\count331
\tabu@target=\dimen290
\tabu@spreadtarget=\dimen291
\tabu@naturalX=\dimen292
\tabucolX=\dimen293
\tabu@Xsum=\dimen294
\extrarowdepth=\dimen295
\abovetabulinesep=\dimen296
\belowtabulinesep=\dimen297
\tabustrutrule=\dimen298
\tabu@thebody=\toks46
\tabu@footnotes=\toks47
\tabu@box=\box75
\tabu@arstrutbox=\box76
\tabu@hleads=\box77
\tabu@vleads=\box78
\tabu@cellskip=\skip68
)
(c:/Users/Duncan/AppData/Roaming/TinyTeX/texmf-dist/tex/latex/threeparttable/th
reeparttable.sty
Package: threeparttable 2003/06/13  v 3.0
\@tempboxb=\box79
)
(c:/Users/Duncan/AppData/Roaming/TinyTeX/texmf-dist/tex/latex/threeparttablex/t
hreeparttablex.sty
Package: threeparttablex 2013/07/23 v0.3 by daleif

(c:/Users/Duncan/AppData/Roaming/TinyTeX/texmf-dist/tex/latex/environ/environ.s
ty
Package: environ 2014/05/04 v0.3 A new way to define environments

(c:/Users/Duncan/AppData/Roaming/TinyTeX/texmf-dist/tex/latex/trimspaces/trimsp
aces.sty
Package: trimspaces 2009/09/17 v1.1 Trim spaces around a token list
))
\TPTL@width=\skip69
) (c:/Users/Duncan/AppData/Roaming/TinyTeX/texmf-dist/tex/generic/ulem/ulem.sty
\UL@box=\box80
\UL@hyphenbox=\box81
\UL@skip=\skip70
\UL@hook=\toks48
\UL@height=\dimen299
\UL@pe=\count332
\UL@pixel=\dimen300
\ULC@box=\box82
Package: ulem 2019/11/18
\ULdepth=\dimen301
)
(c:/Users/Duncan/AppData/Roaming/TinyTeX/texmf-dist/tex/latex/makecell/makecell
.sty
Package: makecell 2009/08/03 V0.1e Managing of Tab Column Heads and Cells
\rotheadsize=\dimen302
\c@nlinenum=\count333
\TeXr@lab=\toks49
)
(c:/Users/Duncan/AppData/Roaming/TinyTeX/texmf-dist/tex/latex/l3backend/l3backe
nd-pdftex.def
File: l3backend-pdftex.def 2021-08-04 L3 backend support: PDF output (pdfTeX)
\l__color_backend_stack_int=\count334
\l__pdf_internal_box=\box83
) (./lolog_catelog_writeup_JRSSA_major_revisions_git.aux
\statsocwidth@a=\dimen303
\statsocwidth@b=\dimen304
\statsocwidth@c=\dimen305
\statsocwidth@d=\dimen306
\statsocwidth@e=\dimen307
\statsocwidth@f=\dimen308
\statsocwidth@g=\dimen309
)
\openout1 = `lolog_catelog_writeup_JRSSA_major_revisions_git.aux'.

LaTeX Font Info:    Checking defaults for OML/cmm/m/it on input line 99.
LaTeX Font Info:    ... okay on input line 99.
LaTeX Font Info:    Checking defaults for OMS/cmsy/m/n on input line 99.
LaTeX Font Info:    ... okay on input line 99.
LaTeX Font Info:    Checking defaults for OT1/cmr/m/n on input line 99.
LaTeX Font Info:    ... okay on input line 99.
LaTeX Font Info:    Checking defaults for T1/cmr/m/n on input line 99.
LaTeX Font Info:    ... okay on input line 99.
LaTeX Font Info:    Checking defaults for TS1/cmr/m/n on input line 99.
LaTeX Font Info:    ... okay on input line 99.
LaTeX Font Info:    Checking defaults for OMX/cmex/m/n on input line 99.
LaTeX Font Info:    ... okay on input line 99.
LaTeX Font Info:    Checking defaults for U/cmr/m/n on input line 99.
LaTeX Font Info:    ... okay on input line 99.
LaTeX Font Info:    Checking defaults for PD1/pdf/m/n on input line 99.
LaTeX Font Info:    ... okay on input line 99.
LaTeX Font Info:    Checking defaults for PU/pdf/m/n on input line 99.
LaTeX Font Info:    ... okay on input line 99.
LaTeX Font Info:    Trying to load font information for T1+lmss on input line 9
9.
(c:/Users/Duncan/AppData/Roaming/TinyTeX/texmf-dist/tex/latex/lm/t1lmss.fd
File: t1lmss.fd 2015/05/01 v1.6.1 Font defs for Latin Modern
)
LaTeX Font Info:    Font shape `T1/lmss/m/it' in size <10> not available
(Font)              Font shape `T1/lmss/m/sl' tried instead on input line 99.
Package hyperref Info: Link coloring OFF on input line 99.

(c:/Users/Duncan/AppData/Roaming/TinyTeX/texmf-dist/tex/latex/hyperref/nameref.
sty
Package: nameref 2021-04-02 v2.47 Cross-referencing by name of section

(c:/Users/Duncan/AppData/Roaming/TinyTeX/texmf-dist/tex/latex/refcount/refcount
.sty
Package: refcount 2019/12/15 v3.6 Data extraction from label references (HO)
)
(c:/Users/Duncan/AppData/Roaming/TinyTeX/texmf-dist/tex/generic/gettitlestring/
gettitlestring.sty
Package: gettitlestring 2019/12/15 v1.6 Cleanup title references (HO)
)
\c@section@level=\count335
)
LaTeX Info: Redefining \ref on input line 99.
LaTeX Info: Redefining \pageref on input line 99.
LaTeX Info: Redefining \nameref on input line 99.
(./lolog_catelog_writeup_JRSSA_major_revisions_git.out) (./lolog_catelog_writeu
p_JRSSA_major_revisions_git.out)
\@outlinefile=\write4
\openout4 = `lolog_catelog_writeup_JRSSA_major_revisions_git.out'.

*geometry* driver: auto-detecting
*geometry* detected driver: pdftex
*geometry* verbose mode - [ preamble ] result:
* driver: pdftex
* paper: a4paper
* layout: <same size as paper>
* layoutoffset:(h,v)=(0.0pt,0.0pt)
* modes: twoside 
* h-part:(L,W,R)=(71.70166pt, 418.25368pt, 107.55254pt)
* v-part:(T,H,B)=(101.40665pt, 591.5302pt, 152.11pt)
* \paperwidth=597.50787pt
* \paperheight=845.04684pt
* \textwidth=418.25368pt
* \textheight=591.5302pt
* \oddsidemargin=-0.56833pt
* \evensidemargin=35.28255pt
* \topmargin=11.13666pt
* \headheight=9.0pt
* \headsep=9.0pt
* \topskip=10.0pt
* \footskip=30.0pt
* \marginparwidth=107.0pt
* \marginparsep=11.0pt
* \columnsep=0.0pt
* \skip\footins=9.0pt plus 4.0pt minus 2.0pt
* \hoffset=0.0pt
* \voffset=0.0pt
* \mag=1000
* \@twocolumnfalse
* \@twosidetrue
* \@mparswitchtrue
* \@reversemarginfalse
* (1in=72.27pt=25.4mm, 1cm=28.453pt)

[1{c:/Users/Duncan/AppData/Roaming/TinyTeX/texmf-var/fonts/map/pdftex/updmap/pd
ftex.map}] [2]
LaTeX Font Info:    Calculating math sizes for size <11> on input line 256.
LaTeX Font Info:    Trying to load font information for OT1+lmr on input line 2
56.
(c:/Users/Duncan/AppData/Roaming/TinyTeX/texmf-dist/tex/latex/lm/ot1lmr.fd
File: ot1lmr.fd 2015/05/01 v1.6.1 Font defs for Latin Modern
)
LaTeX Font Info:    Trying to load font information for OML+lmm on input line 2
56.
(c:/Users/Duncan/AppData/Roaming/TinyTeX/texmf-dist/tex/latex/lm/omllmm.fd
File: omllmm.fd 2015/05/01 v1.6.1 Font defs for Latin Modern
)
LaTeX Font Info:    Trying to load font information for OMS+lmsy on input line 
256.
(c:/Users/Duncan/AppData/Roaming/TinyTeX/texmf-dist/tex/latex/lm/omslmsy.fd
File: omslmsy.fd 2015/05/01 v1.6.1 Font defs for Latin Modern
)
LaTeX Font Info:    Trying to load font information for OMX+lmex on input line 
256.
(c:/Users/Duncan/AppData/Roaming/TinyTeX/texmf-dist/tex/latex/lm/omxlmex.fd
File: omxlmex.fd 2015/05/01 v1.6.1 Font defs for Latin Modern
)
LaTeX Font Info:    External font `lmex10' loaded for size
(Font)              <11> on input line 256.
LaTeX Font Info:    External font `lmex10' loaded for size
(Font)              <7.69997> on input line 256.
LaTeX Font Info:    External font `lmex10' loaded for size
(Font)              <5.5> on input line 256.
LaTeX Font Info:    Trying to load font information for U+lasy on input line 25
6.
(c:/Users/Duncan/AppData/Roaming/TinyTeX/texmf-dist/tex/latex/base/ulasy.fd
File: ulasy.fd 1998/08/17 v2.2e LaTeX symbol font definitions
)

LaTeX Font Warning: Font shape `U/lasy/m/n' in size <5.5> not available
(Font)              size <5> substituted on input line 256.

LaTeX Font Info:    Trying to load font information for U+msa on input line 256
.
(c:/Users/Duncan/AppData/Roaming/TinyTeX/texmf-dist/tex/latex/amsfonts/umsa.fd
File: umsa.fd 2013/01/14 v3.01 AMS symbols A
)
LaTeX Font Info:    Trying to load font information for U+msb on input line 256
.
(c:/Users/Duncan/AppData/Roaming/TinyTeX/texmf-dist/tex/latex/amsfonts/umsb.fd
File: umsb.fd 2013/01/14 v3.01 AMS symbols B
)
LaTeX Font Info:    Trying to load font information for U+rsfs on input line 25
6.

(c:/Users/Duncan/AppData/Roaming/TinyTeX/texmf-dist/tex/latex/jknapltx/ursfs.fd
File: ursfs.fd 1998/03/24 rsfs font definition file (jk)
)

LaTeX Font Warning: Font shape `U/rsfs/m/n' in size <5.5> not available
(Font)              size <5> substituted on input line 256.

[3]
LaTeX Font Info:    Trying to load font information for U+dsrom on input line 2
72.

(c:/Users/Duncan/AppData/Roaming/TinyTeX/texmf-dist/tex/latex/doublestroke/Udsr
om.fd
File: Udsrom.fd 1995/08/01 v0.1 Double stroke roman font definitions
) [4]
LaTeX Font Info:    Trying to load font information for T1+lmtt on input line 3
52.
(c:/Users/Duncan/AppData/Roaming/TinyTeX/texmf-dist/tex/latex/lm/t1lmtt.fd
File: t1lmtt.fd 2015/05/01 v1.6.1 Font defs for Latin Modern
) [5] [6]
LaTeX Font Info:    External font `lmex10' loaded for size
(Font)              <10> on input line 451.
LaTeX Font Info:    External font `lmex10' loaded for size
(Font)              <7> on input line 451.
LaTeX Font Info:    External font `lmex10' loaded for size
(Font)              <5> on input line 451.

Overfull \hbox (24.18394pt too wide) in paragraph at lines 505--505
 [] 
 []

[7] [8pdfTeX warning (ext4): destination with the same identifier (name{table.1
}) has been already used, duplicate ignored
<argument> ...shipout:D \box_use:N \l_shipout_box 
                                                  \__shipout_drop_firstpage_...
l.545 
      ] [9]
Overfull \hbox (3.18597pt too wide) in paragraph at lines 640--640
 [] 
 []

[10pdfTeX warning (ext4): destination with the same identifier (name{table.2}) 
has been already used, duplicate ignored
<argument> ...shipout:D \box_use:N \l_shipout_box 
                                                  \__shipout_drop_firstpage_...
l.661 
      ]
Overfull \hbox (3.18597pt too wide) in paragraph at lines 711--711
 [] 
 []


Overfull \hbox (3.18597pt too wide) in paragraph at lines 743--743
 [] 
 []

[11pdfTeX warning (ext4): destination with the same identifier (name{table.3}) 
has been already used, duplicate ignored
<argument> ...shipout:D \box_use:N \l_shipout_box 
                                                  \__shipout_drop_firstpage_...
l.764 
      ]
Underfull \vbox (badness 1721) has occurred while \output is active []

[12pdfTeX warning (ext4): destination with the same identifier (name{table.4}) 
has been already used, duplicate ignored
<argument> ...shipout:D \box_use:N \l_shipout_box 
                                                  \__shipout_drop_firstpage_...
l.823 
      ]
<lolog_catelog_writeup_JRSSA_major_revisions_git_files/figure-latex/unnamed-chu
nk-6-1.pdf, id=364, 722.7pt x 433.62pt>
File: lolog_catelog_writeup_JRSSA_major_revisions_git_files/figure-latex/unname
d-chunk-6-1.pdf Graphic file (type pdf)
<use lolog_catelog_writeup_JRSSA_major_revisions_git_files/figure-latex/unnamed
-chunk-6-1.pdf>
Package pdftex.def Info: lolog_catelog_writeup_JRSSA_major_revisions_git_files/
figure-latex/unnamed-chunk-6-1.pdf  used on input line 826.
(pdftex.def)             Requested size: 418.251pt x 250.9506pt.

Overfull \hbox (28.19841pt too wide) in paragraph at lines 852--852
 [] 
 []

[13pdfTeX warning (ext4): destination with the same identifier (name{table.5}) 
has been already used, duplicate ignored
<argument> ...shipout:D \box_use:N \l_shipout_box 
                                                  \__shipout_drop_firstpage_...
l.863 W
       e also show the GOF for in-degree the LOLOG model with GWESP and 2- andp
dfTeX warning (ext4): destination with the same identifier (name{table.6}) has 
been already used, duplicate ignored
<argument> ...shipout:D \box_use:N \l_shipout_box 
                                                  \__shipout_drop_firstpage_...
l.863 W
       e also show the GOF for in-degree the LOLOG model with GWESP and 2- and]
<lolog_catelog_writeup_JRSSA_major_revisions_git_files/figure-latex/unnamed-chu
nk-7-1.pdf, id=380, 722.7pt x 433.62pt>
File: lolog_catelog_writeup_JRSSA_major_revisions_git_files/figure-latex/unname
d-chunk-7-1.pdf Graphic file (type pdf)
<use lolog_catelog_writeup_JRSSA_major_revisions_git_files/figure-latex/unnamed
-chunk-7-1.pdf>
Package pdftex.def Info: lolog_catelog_writeup_JRSSA_major_revisions_git_files/
figure-latex/unnamed-chunk-7-1.pdf  used on input line 876.
(pdftex.def)             Requested size: 418.251pt x 250.9506pt.
[14pdfTeX warning (ext4): destination with the same identifier (name{figure.1})
 has been already used, duplicate ignored
<argument> ...shipout:D \box_use:N \l_shipout_box 
                                                  \__shipout_drop_firstpage_...
l.899 
       <./lolog_catelog_writeup_JRSSA_major_revisions_git_files/figure-latex/un
named-chunk-6-1.pdf>] [15pdfTeX warning (ext4): destination with the same ident
ifier (name{figure.2}) has been already used, duplicate ignored
<argument> ...shipout:D \box_use:N \l_shipout_box 
                                                  \__shipout_drop_firstpage_...
l.931 
       <./lolog_catelog_writeup_JRSSA_major_revisions_git_files/figure-latex/un
named-chunk-7-1.pdf>] [16]
Overfull \hbox (48.79471pt too wide) in paragraph at lines 1019--1019
 [] 
 []

[17] [18pdfTeX warning (ext4): destination with the same identifier (name{table
.7}) has been already used, duplicate ignored
<argument> ...shipout:D \box_use:N \l_shipout_box 
                                                  \__shipout_drop_firstpage_...
l.1077 
       ]
Underfull \vbox (badness 2875) has occurred while \output is active []

[19]

LaTeX Warning: Command \" invalid in math mode on input line 1135.


LaTeX Warning: Command \" invalid in math mode on input line 1135.


LaTeX Warning: Command \' invalid in math mode on input line 1137.

<lolog_catelog_writeup_JRSSA_major_revisions_git_files/figure-latex/unnamed-chu
nk-9-1.pdf, id=461, 722.7pt x 433.62pt>
File: lolog_catelog_writeup_JRSSA_major_revisions_git_files/figure-latex/unname
d-chunk-9-1.pdf Graphic file (type pdf)
<use lolog_catelog_writeup_JRSSA_major_revisions_git_files/figure-latex/unnamed
-chunk-9-1.pdf>
Package pdftex.def Info: lolog_catelog_writeup_JRSSA_major_revisions_git_files/
figure-latex/unnamed-chunk-9-1.pdf  used on input line 1151.
(pdftex.def)             Requested size: 418.251pt x 250.9506pt.
<lolog_catelog_writeup_JRSSA_major_revisions_git_files/figure-latex/unnamed-chu
nk-10-1.pdf, id=462, 722.7pt x 433.62pt>
File: lolog_catelog_writeup_JRSSA_major_revisions_git_files/figure-latex/unname
d-chunk-10-1.pdf Graphic file (type pdf)
<use lolog_catelog_writeup_JRSSA_major_revisions_git_files/figure-latex/unnamed
-chunk-10-1.pdf>
Package pdftex.def Info: lolog_catelog_writeup_JRSSA_major_revisions_git_files/
figure-latex/unnamed-chunk-10-1.pdf  used on input line 1160.
(pdftex.def)             Requested size: 418.251pt x 250.9506pt.

LaTeX Warning: `h' float specifier changed to `ht'.

<lolog_catelog_writeup_JRSSA_major_revisions_git_files/figure-latex/unnamed-chu
nk-11-1.pdf, id=463, 722.7pt x 433.62pt>
File: lolog_catelog_writeup_JRSSA_major_revisions_git_files/figure-latex/unname
d-chunk-11-1.pdf Graphic file (type pdf)
<use lolog_catelog_writeup_JRSSA_major_revisions_git_files/figure-latex/unnamed
-chunk-11-1.pdf>
Package pdftex.def Info: lolog_catelog_writeup_JRSSA_major_revisions_git_files/
figure-latex/unnamed-chunk-11-1.pdf  used on input line 1169.
(pdftex.def)             Requested size: 418.251pt x 250.9506pt.

LaTeX Warning: `h' float specifier changed to `ht'.

<lolog_catelog_writeup_JRSSA_major_revisions_git_files/figure-latex/unnamed-chu
nk-12-1.pdf, id=464, 722.7pt x 433.62pt>
File: lolog_catelog_writeup_JRSSA_major_revisions_git_files/figure-latex/unname
d-chunk-12-1.pdf Graphic file (type pdf)
<use lolog_catelog_writeup_JRSSA_major_revisions_git_files/figure-latex/unnamed
-chunk-12-1.pdf>
Package pdftex.def Info: lolog_catelog_writeup_JRSSA_major_revisions_git_files/
figure-latex/unnamed-chunk-12-1.pdf  used on input line 1178.
(pdftex.def)             Requested size: 418.251pt x 250.9506pt.

LaTeX Warning: `h' float specifier changed to `ht'.


Underfull \vbox (badness 1681) has occurred while \output is active []

[20pdfTeX warning (ext4): destination with the same identifier (name{figure.3})
 has been already used, duplicate ignored
<argument> ...shipout:D \box_use:N \l_shipout_box 
                                                  \__shipout_drop_firstpage_...
l.1196 
        <./lolog_catelog_writeup_JRSSA_major_revisions_git_files/figure-latex/u
nnamed-chunk-9-1.pdf>] [21pdfTeX warning (ext4): destination with the same iden
tifier (name{figure.4}) has been already used, duplicate ignored
<argument> ...shipout:D \box_use:N \l_shipout_box 
                                                  \__shipout_drop_firstpage_...
l.1217 \subsection
                  {Junior High} <./lolog_catelog_writeup_JRSSA_major_revisions_
git_files/figure-latex/unnamed-chunk-10-1.pdf>] [22pdfTeX warning (ext4): desti
nation with the same identifier (name{figure.5}) has been already used, duplica
te ignored
<argument> ...shipout:D \box_use:N \l_shipout_box 
                                                  \__shipout_drop_firstpage_...
l.1247 
        <./lolog_catelog_writeup_JRSSA_major_revisions_git_files/figure-latex/u
nnamed-chunk-11-1.pdf>] [23pdfTeX warning (ext4): destination with the same ide
ntifier (name{figure.6}) has been already used, duplicate ignored
<argument> ...shipout:D \box_use:N \l_shipout_box 
                                                  \__shipout_drop_firstpage_...
l.1270 \subsection
                  {Florentine Families} <./lolog_catelog_writeup_JRSSA_major_re
visions_git_files/figure-latex/unnamed-chunk-12-1.pdf>] [24] [25] [26] [27] [28
]
Overfull \hbox (33.24146pt too wide) in alignment at lines 1617--1631
 [] [] 
 []

[29] (./lolog_catelog_writeup_JRSSA_major_revisions_git.bbl
Underfull \hbox (badness 10000) in paragraph at lines 49--52
[]\T1/lmr/m/n/11 Fellows, I. (2018a).  La-tent or-der lo-gis-tic (lolog) graph 
mod-els.
 []

[30]
LaTeX Font Info:    Trying to load font information for TS1+lmr on input line 8
3.
(c:/Users/Duncan/AppData/Roaming/TinyTeX/texmf-dist/tex/latex/lm/ts1lmr.fd
File: ts1lmr.fd 2015/05/01 v1.6.1 Font defs for Latin Modern
) [31]) [32] (./lolog_catelog_writeup_JRSSA_major_revisions_git.aux
\statsocwidth@a=\dimen310
\statsocwidth@b=\dimen311
\statsocwidth@c=\dimen312
\statsocwidth@d=\dimen313
\statsocwidth@e=\dimen314
\statsocwidth@f=\dimen315
\statsocwidth@g=\dimen316
)

LaTeX Font Warning: Size substitutions with differences
(Font)              up to 0.5pt have occurred.

Package rerunfilecheck Info: File `lolog_catelog_writeup_JRSSA_major_revisions_
git.out' has not changed.
(rerunfilecheck)             Checksum: 8D74827B10E4B8D9E172681C833521F4;5234.
 ) 
Here is how much of TeX's memory you used:
 22963 strings out of 480502
 420549 string characters out of 5897998
 750539 words of memory out of 5000000
 39987 multiletter control sequences out of 15000+600000
 469234 words of font info for 90 fonts, out of 8000000 for 9000
 14 hyphenation exceptions out of 8191
 99i,23n,97p,901b,483s stack positions out of 5000i,500n,10000p,200000b,80000s
{c:/Users/Duncan/AppData/Roaming/TinyTeX/texmf-dist/fonts/enc/dvips/lm/lm-ts1
.enc}{c:/Users/Duncan/AppData/Roaming/TinyTeX/texmf-dist/fonts/enc/dvips/lm/lm-
ec.enc}{c:/Users/Duncan/AppData/Roaming/TinyTeX/texmf-dist/fonts/enc/dvips/lm/l
m-mathsy.enc}{c:/Users/Duncan/AppData/Roaming/TinyTeX/texmf-dist/fonts/enc/dvip
s/lm/lm-mathit.enc}{c:/Users/Duncan/AppData/Roaming/TinyTeX/texmf-dist/fonts/en
c/dvips/lm/lm-rm.enc}{c:/Users/Duncan/AppData/Roaming/TinyTeX/texmf-dist/fonts/
enc/dvips/lm/lm-mathex.enc}<c:/Users/Duncan/AppData/Roaming/TinyTeX/texmf-dist/
fonts/type1/public/doublestroke/dsrom10.pfb><c:/Users/Duncan/AppData/Roaming/Ti
nyTeX/texmf-dist/fonts/type1/public/lm/lmbx12.pfb><c:/Users/Duncan/AppData/Roam
ing/TinyTeX/texmf-dist/fonts/type1/public/lm/lmex10.pfb><c:/Users/Duncan/AppDat
a/Roaming/TinyTeX/texmf-dist/fonts/type1/public/lm/lmmi12.pfb><c:/Users/Duncan/
AppData/Roaming/TinyTeX/texmf-dist/fonts/type1/public/lm/lmmi6.pfb><c:/Users/Du
ncan/AppData/Roaming/TinyTeX/texmf-dist/fonts/type1/public/lm/lmmi8.pfb><c:/Use
rs/Duncan/AppData/Roaming/TinyTeX/texmf-dist/fonts/type1/public/lm/lmr10.pfb><c
:/Users/Duncan/AppData/Roaming/TinyTeX/texmf-dist/fonts/type1/public/lm/lmr12.p
fb><c:/Users/Duncan/AppData/Roaming/TinyTeX/texmf-dist/fonts/type1/public/lm/lm
r6.pfb><c:/Users/Duncan/AppData/Roaming/TinyTeX/texmf-dist/fonts/type1/public/l
m/lmr8.pfb><c:/Users/Duncan/AppData/Roaming/TinyTeX/texmf-dist/fonts/type1/publ
ic/lm/lmri12.pfb><c:/Users/Duncan/AppData/Roaming/TinyTeX/texmf-dist/fonts/type
1/public/lm/lmss10.pfb><c:/Users/Duncan/AppData/Roaming/TinyTeX/texmf-dist/font
s/type1/public/lm/lmss12.pfb><c:/Users/Duncan/AppData/Roaming/TinyTeX/texmf-dis
t/fonts/type1/public/lm/lmssbx10.pfb><c:/Users/Duncan/AppData/Roaming/TinyTeX/t
exmf-dist/fonts/type1/public/lm/lmsso10.pfb><c:/Users/Duncan/AppData/Roaming/Ti
nyTeX/texmf-dist/fonts/type1/public/lm/lmsso12.pfb><c:/Users/Duncan/AppData/Roa
ming/TinyTeX/texmf-dist/fonts/type1/public/lm/lmsy10.pfb><c:/Users/Duncan/AppDa
ta/Roaming/TinyTeX/texmf-dist/fonts/type1/public/lm/lmsy6.pfb><c:/Users/Duncan/
AppData/Roaming/TinyTeX/texmf-dist/fonts/type1/public/lm/lmsy8.pfb><c:/Users/Du
ncan/AppData/Roaming/TinyTeX/texmf-dist/fonts/type1/public/lm/lmtt12.pfb><c:/Us
ers/Duncan/AppData/Roaming/TinyTeX/texmf-dist/fonts/type1/public/amsfonts/symbo
ls/msbm10.pfb><c:/Users/Duncan/AppData/Roaming/TinyTeX/texmf-dist/fonts/type1/p
ublic/rsfs/rsfs10.pfb>
Output written on lolog_catelog_writeup_JRSSA_major_revisions_git.pdf (32 pages
, 571233 bytes).
PDF statistics:
 720 PDF objects out of 1000 (max. 8388607)
 621 compressed objects within 7 object streams
 131 named destinations out of 1000 (max. 500000)
 299 words of extra memory for PDF output out of 10000 (max. 10000000)

